----------------Environment Versions----------------
- Python    : 3.7.3 
- PyTorch   : 1.1.0
- TorchVison: 0.3.0
- USE_GPU   : True
----------------------------------------------------
Parallel mode was going ...
Model loading was finished ...
Data loading was finished ...
epoch :  1|36, iter :  300|1776,  loss : 24.8773, batch_ave_acc : 0.0000
epoch :  1|36, iter :  600|1776,  loss : 24.2745, batch_ave_acc : 0.0000
epoch :  1|36, iter :  900|1776,  loss : 23.7537, batch_ave_acc : 0.0000
epoch :  1|36, iter : 1200|1776,  loss : 23.2644, batch_ave_acc : 0.0000
epoch :  1|36, iter : 1500|1776,  loss : 22.7763, batch_ave_acc : 0.0000
train_loss : 22.3292
fold :  0, thresh : 0.320, test_acc : 0.8698
fold :  1, thresh : 0.305, test_acc : 0.8633
fold :  2, thresh : 0.320, test_acc : 0.8717
fold :  3, thresh : 0.320, test_acc : 0.8533
fold :  4, thresh : 0.320, test_acc : 0.8550
fold :  5, thresh : 0.305, test_acc : 0.8767
fold :  6, thresh : 0.335, test_acc : 0.8683
fold :  7, thresh : 0.305, test_acc : 0.8617
fold :  8, thresh : 0.305, test_acc : 0.8717
fold :  9, thresh : 0.320, test_acc : 0.8667
verification was finished, best_thresh : 0.3155, test_acc : 0.8658
Single epoch cost time : 32.79 mins
****************new SOTA was found****************
epoch :  2|36, iter :  300|1776,  loss : 18.5548, batch_ave_acc : 0.0013
epoch :  2|36, iter :  600|1776,  loss : 18.1650, batch_ave_acc : 0.0022
epoch :  2|36, iter :  900|1776,  loss : 17.7781, batch_ave_acc : 0.0037
epoch :  2|36, iter : 1200|1776,  loss : 17.3920, batch_ave_acc : 0.0053
epoch :  2|36, iter : 1500|1776,  loss : 17.0139, batch_ave_acc : 0.0070
train_loss : 16.6961
fold :  0, thresh : 0.300, test_acc : 0.9382
fold :  1, thresh : 0.270, test_acc : 0.9317
fold :  2, thresh : 0.300, test_acc : 0.9383
fold :  3, thresh : 0.295, test_acc : 0.9350
fold :  4, thresh : 0.270, test_acc : 0.9383
fold :  5, thresh : 0.265, test_acc : 0.9317
fold :  6, thresh : 0.270, test_acc : 0.9300
fold :  7, thresh : 0.270, test_acc : 0.9350
fold :  8, thresh : 0.275, test_acc : 0.9350
fold :  9, thresh : 0.270, test_acc : 0.9433
verification was finished, best_thresh : 0.2785, test_acc : 0.9357
Single epoch cost time : 31.58 mins
****************new SOTA was found****************
epoch :  3|36, iter :  300|1776,  loss : 13.7239, batch_ave_acc : 0.0273
epoch :  3|36, iter :  600|1776,  loss : 13.5917, batch_ave_acc : 0.0291
epoch :  3|36, iter :  900|1776,  loss : 13.4479, batch_ave_acc : 0.0314
epoch :  3|36, iter : 1200|1776,  loss : 13.3017, batch_ave_acc : 0.0337
epoch :  3|36, iter : 1500|1776,  loss : 13.1413, batch_ave_acc : 0.0363
train_loss : 13.0034
fold :  0, thresh : 0.310, test_acc : 0.9616
fold :  1, thresh : 0.310, test_acc : 0.9517
fold :  2, thresh : 0.335, test_acc : 0.9467
fold :  3, thresh : 0.310, test_acc : 0.9567
fold :  4, thresh : 0.315, test_acc : 0.9500
fold :  5, thresh : 0.315, test_acc : 0.9433
fold :  6, thresh : 0.310, test_acc : 0.9450
fold :  7, thresh : 0.305, test_acc : 0.9333
fold :  8, thresh : 0.315, test_acc : 0.9550
fold :  9, thresh : 0.310, test_acc : 0.9567
verification was finished, best_thresh : 0.3135, test_acc : 0.9500
Single epoch cost time : 31.52 mins
****************new SOTA was found****************
epoch :  4|36, iter :  300|1776,  loss : 11.2543, batch_ave_acc : 0.0655
epoch :  4|36, iter :  600|1776,  loss : 11.2337, batch_ave_acc : 0.0679
epoch :  4|36, iter :  900|1776,  loss : 11.2105, batch_ave_acc : 0.0700
epoch :  4|36, iter : 1200|1776,  loss : 11.1465, batch_ave_acc : 0.0724
epoch :  4|36, iter : 1500|1776,  loss : 11.0706, batch_ave_acc : 0.0753
train_loss : 11.0012
fold :  0, thresh : 0.345, test_acc : 0.9750
fold :  1, thresh : 0.345, test_acc : 0.9617
fold :  2, thresh : 0.345, test_acc : 0.9650
fold :  3, thresh : 0.345, test_acc : 0.9650
fold :  4, thresh : 0.345, test_acc : 0.9667
fold :  5, thresh : 0.345, test_acc : 0.9650
fold :  6, thresh : 0.345, test_acc : 0.9533
fold :  7, thresh : 0.340, test_acc : 0.9500
fold :  8, thresh : 0.345, test_acc : 0.9717
fold :  9, thresh : 0.345, test_acc : 0.9600
verification was finished, best_thresh : 0.3445, test_acc : 0.9633
Single epoch cost time : 31.66 mins
****************new SOTA was found****************
epoch :  5|36, iter :  300|1776,  loss : 9.7361, batch_ave_acc : 0.1124
epoch :  5|36, iter :  600|1776,  loss : 9.7894, batch_ave_acc : 0.1130
epoch :  5|36, iter :  900|1776,  loss : 9.7950, batch_ave_acc : 0.1143
epoch :  5|36, iter : 1200|1776,  loss : 9.7860, batch_ave_acc : 0.1157
epoch :  5|36, iter : 1500|1776,  loss : 9.7610, batch_ave_acc : 0.1176
train_loss : 9.7281
fold :  0, thresh : 0.355, test_acc : 0.9800
fold :  1, thresh : 0.355, test_acc : 0.9617
fold :  2, thresh : 0.355, test_acc : 0.9750
fold :  3, thresh : 0.355, test_acc : 0.9650
fold :  4, thresh : 0.355, test_acc : 0.9650
fold :  5, thresh : 0.355, test_acc : 0.9733
fold :  6, thresh : 0.355, test_acc : 0.9583
fold :  7, thresh : 0.355, test_acc : 0.9633
fold :  8, thresh : 0.345, test_acc : 0.9700
fold :  9, thresh : 0.355, test_acc : 0.9750
verification was finished, best_thresh : 0.3540, test_acc : 0.9687
Single epoch cost time : 31.61 mins
****************new SOTA was found****************
epoch :  6|36, iter :  300|1776,  loss : 8.7257, batch_ave_acc : 0.1554
epoch :  6|36, iter :  600|1776,  loss : 8.7825, batch_ave_acc : 0.1546
epoch :  6|36, iter :  900|1776,  loss : 8.8088, batch_ave_acc : 0.1552
epoch :  6|36, iter : 1200|1776,  loss : 8.8115, batch_ave_acc : 0.1567
epoch :  6|36, iter : 1500|1776,  loss : 8.8053, batch_ave_acc : 0.1582
train_loss : 8.7962
fold :  0, thresh : 0.350, test_acc : 0.9917
fold :  1, thresh : 0.340, test_acc : 0.9783
fold :  2, thresh : 0.350, test_acc : 0.9733
fold :  3, thresh : 0.340, test_acc : 0.9733
fold :  4, thresh : 0.350, test_acc : 0.9733
fold :  5, thresh : 0.350, test_acc : 0.9733
fold :  6, thresh : 0.350, test_acc : 0.9667
fold :  7, thresh : 0.340, test_acc : 0.9650
fold :  8, thresh : 0.340, test_acc : 0.9750
fold :  9, thresh : 0.350, test_acc : 0.9750
verification was finished, best_thresh : 0.3460, test_acc : 0.9745
Single epoch cost time : 31.58 mins
****************new SOTA was found****************
epoch :  7|36, iter :  300|1776,  loss : 7.9243, batch_ave_acc : 0.1974
epoch :  7|36, iter :  600|1776,  loss : 7.9921, batch_ave_acc : 0.1955
epoch :  7|36, iter :  900|1776,  loss : 8.0454, batch_ave_acc : 0.1942
epoch :  7|36, iter : 1200|1776,  loss : 8.0689, batch_ave_acc : 0.1950
epoch :  7|36, iter : 1500|1776,  loss : 8.0731, batch_ave_acc : 0.1956
train_loss : 8.0778
fold :  0, thresh : 0.345, test_acc : 0.9917
fold :  1, thresh : 0.345, test_acc : 0.9783
fold :  2, thresh : 0.345, test_acc : 0.9800
fold :  3, thresh : 0.345, test_acc : 0.9733
fold :  4, thresh : 0.345, test_acc : 0.9800
fold :  5, thresh : 0.345, test_acc : 0.9800
fold :  6, thresh : 0.350, test_acc : 0.9767
fold :  7, thresh : 0.345, test_acc : 0.9683
fold :  8, thresh : 0.345, test_acc : 0.9850
fold :  9, thresh : 0.345, test_acc : 0.9783
verification was finished, best_thresh : 0.3455, test_acc : 0.9792
Single epoch cost time : 31.56 mins
****************new SOTA was found****************
epoch :  8|36, iter :  300|1776,  loss : 7.2896, batch_ave_acc : 0.2352
epoch :  8|36, iter :  600|1776,  loss : 7.3859, batch_ave_acc : 0.2311
epoch :  8|36, iter :  900|1776,  loss : 7.4383, batch_ave_acc : 0.2301
epoch :  8|36, iter : 1200|1776,  loss : 7.4612, batch_ave_acc : 0.2298
epoch :  8|36, iter : 1500|1776,  loss : 7.4888, batch_ave_acc : 0.2298
train_loss : 7.4962
fold :  0, thresh : 0.350, test_acc : 0.9967
fold :  1, thresh : 0.350, test_acc : 0.9833
fold :  2, thresh : 0.350, test_acc : 0.9767
fold :  3, thresh : 0.350, test_acc : 0.9767
fold :  4, thresh : 0.350, test_acc : 0.9800
fold :  5, thresh : 0.350, test_acc : 0.9800
fold :  6, thresh : 0.350, test_acc : 0.9800
fold :  7, thresh : 0.350, test_acc : 0.9767
fold :  8, thresh : 0.350, test_acc : 0.9900
fold :  9, thresh : 0.350, test_acc : 0.9850
verification was finished, best_thresh : 0.3500, test_acc : 0.9825
Single epoch cost time : 31.55 mins
****************new SOTA was found****************
epoch :  9|36, iter :  300|1776,  loss : 6.7771, batch_ave_acc : 0.2677
epoch :  9|36, iter :  600|1776,  loss : 6.8448, batch_ave_acc : 0.2653
epoch :  9|36, iter :  900|1776,  loss : 6.9156, batch_ave_acc : 0.2629
epoch :  9|36, iter : 1200|1776,  loss : 6.9592, batch_ave_acc : 0.2618
epoch :  9|36, iter : 1500|1776,  loss : 6.9981, batch_ave_acc : 0.2612
train_loss : 7.0248
fold :  0, thresh : 0.355, test_acc : 0.9866
fold :  1, thresh : 0.345, test_acc : 0.9717
fold :  2, thresh : 0.345, test_acc : 0.9717
fold :  3, thresh : 0.350, test_acc : 0.9750
fold :  4, thresh : 0.350, test_acc : 0.9783
fold :  5, thresh : 0.345, test_acc : 0.9833
fold :  6, thresh : 0.360, test_acc : 0.9833
fold :  7, thresh : 0.345, test_acc : 0.9717
fold :  8, thresh : 0.345, test_acc : 0.9867
fold :  9, thresh : 0.345, test_acc : 0.9833
verification was finished, best_thresh : 0.3485, test_acc : 0.9792
Single epoch cost time : 31.65 mins
epoch : 10|36, iter :  300|1776,  loss : 6.3574, batch_ave_acc : 0.2977
epoch : 10|36, iter :  600|1776,  loss : 6.4584, batch_ave_acc : 0.2929
epoch : 10|36, iter :  900|1776,  loss : 6.5321, batch_ave_acc : 0.2904
epoch : 10|36, iter : 1200|1776,  loss : 6.5703, batch_ave_acc : 0.2887
